# JRE version: Java(TM) SE Runtime Environment (8.0_101-b13) (build 1.8.0_101-b13)
# Java VM: Java HotSpot(TM) 64-Bit Server VM (25.101-b13 mixed mode windows-amd64 compressed oops)
Heap:
 PSYoungGen      total 223744K, used 1792K [0x00000000eab00000, 0x00000000ff700000, 0x0000000100000000)
  eden space 119808K, 0% used [0x00000000eab00000,0x00000000eab00000,0x00000000f2000000)
  from space 103936K, 1% used [0x00000000f9180000,0x00000000f9340000,0x00000000ff700000)
  to   space 110080K, 0% used [0x00000000f2000000,0x00000000f2000000,0x00000000f8b80000)
 ParOldGen       total 359424K, used 293164K [0x00000000c0000000, 0x00000000d5f00000, 0x00000000eab00000)
  object space 359424K, 81% used [0x00000000c0000000,0x00000000d1e4b208,0x00000000d5f00000)
 Metaspace       used 65638K, capacity 66924K, committed 67072K, reserved 1107968K
  class space    used 8552K, capacity 8872K, committed 8960K, reserved 1048576K
GC Heap History (10 events):
Event: 3882.916 GC heap after
Heap after GC invocations=25 (full 5):
 PSYoungGen      total 279040K, used 9455K [0x00000000eab00000, 0x0000000100000000, 0x0000000100000000)
  eden space 217088K, 0% used [0x00000000eab00000,0x00000000eab00000,0x00000000f7f00000)
  from space 61952K, 15% used [0x00000000fb800000,0x00000000fc13bf98,0x00000000ff480000)
  to   space 58368K, 0% used [0x00000000f7f00000,0x00000000f7f00000,0x00000000fb800000)
 ParOldGen       total 359424K, used 124587K [0x00000000c0000000, 0x00000000d5f00000, 0x00000000eab00000)
  object space 359424K, 34% used [0x00000000c0000000,0x00000000c79aafa0,0x00000000d5f00000)
 Metaspace       used 62275K, capacity 63508K, committed 63616K, reserved 1103872K
  class space    used 8185K, capacity 8494K, committed 8576K, reserved 1048576K
}
Event: 3887.015 GC heap before
{Heap before GC invocations=26 (full 5):
 PSYoungGen      total 279040K, used 226543K [0x00000000eab00000, 0x0000000100000000, 0x0000000100000000)
  eden space 217088K, 100% used [0x00000000eab00000,0x00000000f7f00000,0x00000000f7f00000)
  from space 61952K, 15% used [0x00000000fb800000,0x00000000fc13bf98,0x00000000ff480000)
  to   space 58368K, 0% used [0x00000000f7f00000,0x00000000f7f00000,0x00000000fb800000)
 ParOldGen       total 359424K, used 124587K [0x00000000c0000000, 0x00000000d5f00000, 0x00000000eab00000)
  object space 359424K, 34% used [0x00000000c0000000,0x00000000c79aafa0,0x00000000d5f00000)
 Metaspace       used 65502K, capacity 66784K, committed 67072K, reserved 1107968K
  class space    used 8551K, capacity 8870K, committed 8960K, reserved 1048576K
Event: 3887.193 GC heap after
Heap after GC invocations=26 (full 5):
 PSYoungGen      total 275456K, used 58366K [0x00000000eab00000, 0x0000000100000000, 0x0000000100000000)
  eden space 217088K, 0% used [0x00000000eab00000,0x00000000eab00000,0x00000000f7f00000)
  from space 58368K, 99% used [0x00000000f7f00000,0x00000000fb7ff958,0x00000000fb800000)
  to   space 73728K, 0% used [0x00000000fb800000,0x00000000fb800000,0x0000000100000000)
 ParOldGen       total 359424K, used 155966K [0x00000000c0000000, 0x00000000d5f00000, 0x00000000eab00000)
  object space 359424K, 43% used [0x00000000c0000000,0x00000000c984f8c8,0x00000000d5f00000)
 Metaspace       used 65502K, capacity 66784K, committed 67072K, reserved 1107968K
  class space    used 8551K, capacity 8870K, committed 8960K, reserved 1048576K
}
Event: 3896.140 GC heap before
{Heap before GC invocations=27 (full 5):
 PSYoungGen      total 275456K, used 275454K [0x00000000eab00000, 0x0000000100000000, 0x0000000100000000)
  eden space 217088K, 100% used [0x00000000eab00000,0x00000000f7f00000,0x00000000f7f00000)
  from space 58368K, 99% used [0x00000000f7f00000,0x00000000fb7ff958,0x00000000fb800000)
  to   space 73728K, 0% used [0x00000000fb800000,0x00000000fb800000,0x0000000100000000)
 ParOldGen       total 359424K, used 155966K [0x00000000c0000000, 0x00000000d5f00000, 0x00000000eab00000)
  object space 359424K, 43% used [0x00000000c0000000,0x00000000c984f8c8,0x00000000d5f00000)
 Metaspace       used 65634K, capacity 66924K, committed 67072K, reserved 1107968K
  class space    used 8552K, capacity 8872K, committed 8960K, reserved 1048576K
Event: 3896.286 GC heap after
Heap after GC invocations=27 (full 5):
 PSYoungGen      total 190464K, used 73711K [0x00000000eab00000, 0x0000000100000000, 0x0000000100000000)
  eden space 116736K, 0% used [0x00000000eab00000,0x00000000eab00000,0x00000000f1d00000)
  from space 73728K, 99% used [0x00000000fb800000,0x00000000ffffbec0,0x0000000100000000)
  to   space 116224K, 0% used [0x00000000f1d00000,0x00000000f1d00000,0x00000000f8e80000)
 ParOldGen       total 359424K, used 216793K [0x00000000c0000000, 0x00000000d5f00000, 0x00000000eab00000)
  object space 359424K, 60% used [0x00000000c0000000,0x00000000cd3b65b8,0x00000000d5f00000)
 Metaspace       used 65634K, capacity 66924K, committed 67072K, reserved 1107968K
  class space    used 8552K, capacity 8872K, committed 8960K, reserved 1048576K
}
Event: 3896.455 GC heap before
{Heap before GC invocations=28 (full 5):
 PSYoungGen      total 190464K, used 190447K [0x00000000eab00000, 0x0000000100000000, 0x0000000100000000)
  eden space 116736K, 100% used [0x00000000eab00000,0x00000000f1d00000,0x00000000f1d00000)
  from space 73728K, 99% used [0x00000000fb800000,0x00000000ffffbec0,0x0000000100000000)
  to   space 116224K, 0% used [0x00000000f1d00000,0x00000000f1d00000,0x00000000f8e80000)
 ParOldGen       total 359424K, used 216793K [0x00000000c0000000, 0x00000000d5f00000, 0x00000000eab00000)
  object space 359424K, 60% used [0x00000000c0000000,0x00000000cd3b65b8,0x00000000d5f00000)
 Metaspace       used 65638K, capacity 66924K, committed 67072K, reserved 1107968K
  class space    used 8552K, capacity 8872K, committed 8960K, reserved 1048576K
Event: 3896.564 GC heap after
Heap after GC invocations=28 (full 5):
 PSYoungGen      total 232960K, used 9120K [0x00000000eab00000, 0x0000000100000000, 0x0000000100000000)
  eden space 116736K, 0% used [0x00000000eab00000,0x00000000eab00000,0x00000000f1d00000)
  from space 116224K, 7% used [0x00000000f1d00000,0x00000000f25e8000,0x00000000f8e80000)
  to   space 113152K, 0% used [0x00000000f9180000,0x00000000f9180000,0x0000000100000000)
 ParOldGen       total 359424K, used 284133K [0x00000000c0000000, 0x00000000d5f00000, 0x00000000eab00000)
  object space 359424K, 79% used [0x00000000c0000000,0x00000000d15795b0,0x00000000d5f00000)
 Metaspace       used 65638K, capacity 66924K, committed 67072K, reserved 1107968K
  class space    used 8552K, capacity 8872K, committed 8960K, reserved 1048576K
}
Event: 3896.651 GC heap before
{Heap before GC invocations=29 (full 5):
 PSYoungGen      total 232960K, used 125856K [0x00000000eab00000, 0x0000000100000000, 0x0000000100000000)
  eden space 116736K, 100% used [0x00000000eab00000,0x00000000f1d00000,0x00000000f1d00000)
  from space 116224K, 7% used [0x00000000f1d00000,0x00000000f25e8000,0x00000000f8e80000)
  to   space 113152K, 0% used [0x00000000f9180000,0x00000000f9180000,0x0000000100000000)
 ParOldGen       total 359424K, used 284133K [0x00000000c0000000, 0x00000000d5f00000, 0x00000000eab00000)
  object space 359424K, 79% used [0x00000000c0000000,0x00000000d15795b0,0x00000000d5f00000)
 Metaspace       used 65638K, capacity 66924K, committed 67072K, reserved 1107968K
  class space    used 8552K, capacity 8872K, committed 8960K, reserved 1048576K
Event: 3896.673 GC heap after
Heap after GC invocations=29 (full 5):
 PSYoungGen      total 223744K, used 1792K [0x00000000eab00000, 0x00000000ff700000, 0x0000000100000000)
  eden space 119808K, 0% used [0x00000000eab00000,0x00000000eab00000,0x00000000f2000000)
  from space 103936K, 1% used [0x00000000f9180000,0x00000000f9340000,0x00000000ff700000)
  to   space 110080K, 0% used [0x00000000f2000000,0x00000000f2000000,0x00000000f8b80000)
 ParOldGen       total 359424K, used 293164K [0x00000000c0000000, 0x00000000d5f00000, 0x00000000eab00000)
  object space 359424K, 81% used [0x00000000c0000000,0x00000000d1e4b208,0x00000000d5f00000)
 Metaspace       used 65638K, capacity 66924K, committed 67072K, reserved 1107968K
  class space    used 8552K, capacity 8872K, committed 8960K, reserved 1048576K
}
Event: 3896.673 GC heap before
{Heap before GC invocations=30 (full 6):
 PSYoungGen      total 223744K, used 1792K [0x00000000eab00000, 0x00000000ff700000, 0x0000000100000000)
  eden space 119808K, 0% used [0x00000000eab00000,0x00000000eab00000,0x00000000f2000000)
  from space 103936K, 1% used [0x00000000f9180000,0x00000000f9340000,0x00000000ff700000)
  to   space 110080K, 0% used [0x00000000f2000000,0x00000000f2000000,0x00000000f8b80000)
 ParOldGen       total 359424K, used 293164K [0x00000000c0000000, 0x00000000d5f00000, 0x00000000eab00000)
  object space 359424K, 81% used [0x00000000c0000000,0x00000000d1e4b208,0x00000000d5f00000)
 Metaspace       used 65638K, capacity 66924K, committed 67072K, reserved 1107968K
  class space    used 8552K, capacity 8872K, committed 8960K, reserved 1048576K

